<?xml version="1.0" encoding="UTF-8"?>
<testsuite name="sec.project.SampleTest" time="0.063" tests="1" errors="1" skipped="0" failures="0">
  <properties>
    <property name="java.runtime.name" value="Java(TM) SE Runtime Environment"/>
    <property name="sun.boot.library.path" value="/home/hjoo/jdk1.8.0_77/jre/lib/amd64"/>
    <property name="java.vm.version" value="25.77-b03"/>
    <property name="java.vm.vendor" value="Oracle Corporation"/>
    <property name="java.vendor.url" value="http://java.oracle.com/"/>
    <property name="path.separator" value=":"/>
    <property name="guice.disable.misplaced.annotation.check" value="true"/>
    <property name="java.vm.name" value="Java HotSpot(TM) 64-Bit Server VM"/>
    <property name="file.encoding.pkg" value="sun.io"/>
    <property name="user.country" value="US"/>
    <property name="sun.java.launcher" value="SUN_STANDARD"/>
    <property name="sun.os.patch.level" value="unknown"/>
    <property name="java.vm.specification.name" value="Java Virtual Machine Specification"/>
    <property name="user.dir" value="/home/hjoo/cyberSecurity2018/cybersecuritybase-project"/>
    <property name="java.runtime.version" value="1.8.0_77-b03"/>
    <property name="java.awt.graphicsenv" value="sun.awt.X11GraphicsEnvironment"/>
    <property name="java.endorsed.dirs" value="/home/hjoo/jdk1.8.0_77/jre/lib/endorsed"/>
    <property name="os.arch" value="amd64"/>
    <property name="java.io.tmpdir" value="/tmp"/>
    <property name="line.separator" value="&#10;"/>
    <property name="java.vm.specification.vendor" value="Oracle Corporation"/>
    <property name="os.name" value="Linux"/>
    <property name="maven.ext.class.path" value="/home/hjoo/netbeans-8.1/java/maven-nblib/netbeans-eventspy.jar"/>
    <property name="classworlds.conf" value="/home/hjoo/netbeans-8.1/java/maven/bin/m2.conf"/>
    <property name="sun.jnu.encoding" value="UTF-8"/>
    <property name="java.library.path" value="/home/hjoo/jdk1.8.0_77/jre/lib/amd64:/home/hjoo/jdk1.8.0_77/jre/lib/i386::/usr/java/packages/lib/amd64:/usr/lib64:/lib64:/lib:/usr/lib"/>
    <property name="java.specification.name" value="Java Platform API Specification"/>
    <property name="java.class.version" value="52.0"/>
    <property name="sun.management.compiler" value="HotSpot 64-Bit Tiered Compilers"/>
    <property name="os.version" value="4.15.0-43-generic"/>
    <property name="user.home" value="/home/hjoo"/>
    <property name="user.timezone" value="Europe/Helsinki"/>
    <property name="java.awt.printerjob" value="sun.print.PSPrinterJob"/>
    <property name="file.encoding" value="UTF-8"/>
    <property name="java.specification.version" value="1.8"/>
    <property name="user.name" value="hjoo"/>
    <property name="java.class.path" value="/home/hjoo/netbeans-8.1/java/maven/boot/plexus-classworlds-2.4.jar"/>
    <property name="java.vm.specification.version" value="1.8"/>
    <property name="sun.arch.data.model" value="64"/>
    <property name="java.home" value="/home/hjoo/jdk1.8.0_77/jre"/>
    <property name="sun.java.command" value="org.codehaus.plexus.classworlds.launcher.Launcher -Dmaven.ext.class.path=/home/hjoo/netbeans-8.1/java/maven-nblib/netbeans-eventspy.jar clean install"/>
    <property name="java.specification.vendor" value="Oracle Corporation"/>
    <property name="user.language" value="en"/>
    <property name="awt.toolkit" value="sun.awt.X11.XToolkit"/>
    <property name="java.vm.info" value="mixed mode"/>
    <property name="java.version" value="1.8.0_77"/>
    <property name="java.ext.dirs" value="/home/hjoo/jdk1.8.0_77/jre/lib/ext:/usr/java/packages/lib/ext"/>
    <property name="securerandom.source" value="file:/dev/./urandom"/>
    <property name="sun.boot.class.path" value="/home/hjoo/jdk1.8.0_77/jre/lib/resources.jar:/home/hjoo/jdk1.8.0_77/jre/lib/rt.jar:/home/hjoo/jdk1.8.0_77/jre/lib/sunrsasign.jar:/home/hjoo/jdk1.8.0_77/jre/lib/jsse.jar:/home/hjoo/jdk1.8.0_77/jre/lib/jce.jar:/home/hjoo/jdk1.8.0_77/jre/lib/charsets.jar:/home/hjoo/jdk1.8.0_77/jre/lib/jfr.jar:/home/hjoo/jdk1.8.0_77/jre/classes"/>
    <property name="java.vendor" value="Oracle Corporation"/>
    <property name="maven.home" value="/home/hjoo/netbeans-8.1/java/maven"/>
    <property name="file.separator" value="/"/>
    <property name="java.vendor.url.bug" value="http://bugreport.sun.com/bugreport/"/>
    <property name="sun.cpu.endian" value="little"/>
    <property name="sun.io.unicode.encoding" value="UnicodeLittle"/>
    <property name="sun.desktop" value="gnome"/>
    <property name="sun.cpu.isalist" value=""/>
  </properties>
  <testcase name="signupAddsDataToDatabase" classname="sec.project.SampleTest" time="0.063">
    <error message="Request processing failed; nested exception is org.h2.jdbc.JdbcSQLException: Table &quot;USER&quot; not found; SQL statement:&#10;INSERT INTO User (name, address) VALUES (&apos;Testname&apos;, &apos;Testaddress&apos;) [42102-193]" type="org.springframework.web.util.NestedServletException">org.springframework.web.util.NestedServletException: Request processing failed; nested exception is org.h2.jdbc.JdbcSQLException: Table "USER" not found; SQL statement:
INSERT INTO User (name, address) VALUES ('Testname', 'Testaddress') [42102-193]
	at org.h2.message.DbException.getJdbcSQLException(DbException.java:345)
	at org.h2.message.DbException.get(DbException.java:179)
	at org.h2.message.DbException.get(DbException.java:155)
	at org.h2.command.Parser.readTableOrView(Parser.java:5389)
	at org.h2.command.Parser.readTableOrView(Parser.java:5366)
	at org.h2.command.Parser.parseInsert(Parser.java:1053)
	at org.h2.command.Parser.parsePrepared(Parser.java:413)
	at org.h2.command.Parser.parse(Parser.java:317)
	at org.h2.command.Parser.parse(Parser.java:289)
	at org.h2.command.Parser.prepareCommand(Parser.java:254)
	at org.h2.engine.Session.prepareLocal(Session.java:561)
	at org.h2.engine.Session.prepareCommand(Session.java:502)
	at org.h2.jdbc.JdbcConnection.prepareCommand(JdbcConnection.java:1203)
	at org.h2.jdbc.JdbcStatement.executeUpdateInternal(JdbcStatement.java:126)
	at org.h2.jdbc.JdbcStatement.executeUpdate(JdbcStatement.java:115)
	at sec.project.controller.SignupController.submitForm(SignupController.java:46)
	at sun.reflect.NativeMethodAccessorImpl.invoke0(Native Method)
	at sun.reflect.NativeMethodAccessorImpl.invoke(NativeMethodAccessorImpl.java:62)
	at sun.reflect.DelegatingMethodAccessorImpl.invoke(DelegatingMethodAccessorImpl.java:43)
	at java.lang.reflect.Method.invoke(Method.java:498)
	at org.springframework.web.method.support.InvocableHandlerMethod.doInvoke(InvocableHandlerMethod.java:220)
	at org.springframework.web.method.support.InvocableHandlerMethod.invokeForRequest(InvocableHandlerMethod.java:134)
	at org.springframework.web.servlet.mvc.method.annotation.ServletInvocableHandlerMethod.invokeAndHandle(ServletInvocableHandlerMethod.java:116)
	at org.springframework.web.servlet.mvc.method.annotation.RequestMappingHandlerAdapter.invokeHandlerMethod(RequestMappingHandlerAdapter.java:827)
	at org.springframework.web.servlet.mvc.method.annotation.RequestMappingHandlerAdapter.handleInternal(RequestMappingHandlerAdapter.java:738)
	at org.springframework.web.servlet.mvc.method.AbstractHandlerMethodAdapter.handle(AbstractHandlerMethodAdapter.java:85)
	at org.springframework.web.servlet.DispatcherServlet.doDispatch(DispatcherServlet.java:963)
	at org.springframework.web.servlet.DispatcherServlet.doService(DispatcherServlet.java:897)
	at org.springframework.web.servlet.FrameworkServlet.processRequest(FrameworkServlet.java:970)
	at org.springframework.web.servlet.FrameworkServlet.doPost(FrameworkServlet.java:872)
	at javax.servlet.http.HttpServlet.service(HttpServlet.java:648)
	at org.springframework.web.servlet.FrameworkServlet.service(FrameworkServlet.java:846)
	at org.springframework.test.web.servlet.TestDispatcherServlet.service(TestDispatcherServlet.java:65)
	at javax.servlet.http.HttpServlet.service(HttpServlet.java:729)
	at org.springframework.mock.web.MockFilterChain$ServletFilterProxy.doFilter(MockFilterChain.java:167)
	at org.springframework.mock.web.MockFilterChain.doFilter(MockFilterChain.java:134)
	at org.springframework.test.web.servlet.MockMvc.perform(MockMvc.java:155)
	at sec.project.SampleTest.signupAddsDataToDatabase(SampleTest.java:39)
</error>
    <system-out><![CDATA[20:17:03.251 [main] DEBUG org.springframework.test.context.junit4.SpringJUnit4ClassRunner - SpringJUnit4ClassRunner constructor called with [class sec.project.SampleTest]
20:17:03.255 [main] DEBUG org.springframework.test.context.BootstrapUtils - Instantiating CacheAwareContextLoaderDelegate from class [org.springframework.test.context.cache.DefaultCacheAwareContextLoaderDelegate]
20:17:03.260 [main] DEBUG org.springframework.test.context.BootstrapUtils - Instantiating BootstrapContext using constructor [public org.springframework.test.context.support.DefaultBootstrapContext(java.lang.Class,org.springframework.test.context.CacheAwareContextLoaderDelegate)]
20:17:03.272 [main] DEBUG org.springframework.test.context.BootstrapUtils - Instantiating TestContextBootstrapper for test class [sec.project.SampleTest] from class [org.springframework.boot.test.context.SpringBootTestContextBootstrapper]
20:17:03.279 [main] INFO org.springframework.boot.test.context.SpringBootTestContextBootstrapper - Neither @ContextConfiguration nor @ContextHierarchy found for test class [sec.project.SampleTest], using SpringBootContextLoader
20:17:03.282 [main] DEBUG org.springframework.test.context.support.AbstractContextLoader - Did not detect default resource location for test class [sec.project.SampleTest]: class path resource [sec/project/SampleTest-context.xml] does not exist
20:17:03.283 [main] DEBUG org.springframework.test.context.support.AbstractContextLoader - Did not detect default resource location for test class [sec.project.SampleTest]: class path resource [sec/project/SampleTestContext.groovy] does not exist
20:17:03.283 [main] INFO org.springframework.test.context.support.AbstractContextLoader - Could not detect default resource locations for test class [sec.project.SampleTest]: no resource found for suffixes {-context.xml, Context.groovy}.
20:17:03.283 [main] INFO org.springframework.test.context.support.AnnotationConfigContextLoaderUtils - Could not detect default configuration classes for test class [sec.project.SampleTest]: SampleTest does not declare any static, non-private, non-final, nested classes annotated with @Configuration.
20:17:03.314 [main] DEBUG org.springframework.test.context.support.ActiveProfilesUtils - Could not find an 'annotation declaring class' for annotation type [org.springframework.test.context.ActiveProfiles] and class [sec.project.SampleTest]
20:17:03.344 [main] DEBUG org.springframework.core.env.StandardEnvironment - Adding [systemProperties] PropertySource with lowest search precedence
20:17:03.345 [main] DEBUG org.springframework.core.env.StandardEnvironment - Adding [systemEnvironment] PropertySource with lowest search precedence
20:17:03.345 [main] DEBUG org.springframework.core.env.StandardEnvironment - Initialized StandardEnvironment with PropertySources [systemProperties,systemEnvironment]
20:17:03.352 [main] DEBUG org.springframework.core.io.support.PathMatchingResourcePatternResolver - Resolved classpath location [sec/project/] to resources [URL [file:/home/hjoo/cyberSecurity2018/cybersecuritybase-project/target/test-classes/sec/project/], URL [file:/home/hjoo/cyberSecurity2018/cybersecuritybase-project/target/classes/sec/project/]]
20:17:03.352 [main] DEBUG org.springframework.core.io.support.PathMatchingResourcePatternResolver - Looking for matching resources in directory tree [/home/hjoo/cyberSecurity2018/cybersecuritybase-project/target/test-classes/sec/project]
20:17:03.352 [main] DEBUG org.springframework.core.io.support.PathMatchingResourcePatternResolver - Searching directory [/home/hjoo/cyberSecurity2018/cybersecuritybase-project/target/test-classes/sec/project] for files matching pattern [/home/hjoo/cyberSecurity2018/cybersecuritybase-project/target/test-classes/sec/project/*.class]
20:17:03.355 [main] DEBUG org.springframework.core.io.support.PathMatchingResourcePatternResolver - Looking for matching resources in directory tree [/home/hjoo/cyberSecurity2018/cybersecuritybase-project/target/classes/sec/project]
20:17:03.355 [main] DEBUG org.springframework.core.io.support.PathMatchingResourcePatternResolver - Searching directory [/home/hjoo/cyberSecurity2018/cybersecuritybase-project/target/classes/sec/project] for files matching pattern [/home/hjoo/cyberSecurity2018/cybersecuritybase-project/target/classes/sec/project/*.class]
20:17:03.355 [main] DEBUG org.springframework.core.io.support.PathMatchingResourcePatternResolver - Resolved location pattern [classpath*:sec/project/*.class] to resources [file [/home/hjoo/cyberSecurity2018/cybersecuritybase-project/target/test-classes/sec/project/SampleTest.class], file [/home/hjoo/cyberSecurity2018/cybersecuritybase-project/target/classes/sec/project/CyberSecurityBaseProjectApplication.class]]
20:17:03.384 [main] DEBUG org.springframework.context.annotation.ClassPathScanningCandidateComponentProvider - Identified candidate component class: file [/home/hjoo/cyberSecurity2018/cybersecuritybase-project/target/classes/sec/project/CyberSecurityBaseProjectApplication.class]
20:17:03.385 [main] INFO org.springframework.boot.test.context.SpringBootTestContextBootstrapper - Found @SpringBootConfiguration sec.project.CyberSecurityBaseProjectApplication for test class sec.project.SampleTest
20:17:03.388 [main] DEBUG org.springframework.boot.test.context.SpringBootTestContextBootstrapper - @TestExecutionListeners is not present for class [sec.project.SampleTest]: using defaults.
20:17:03.390 [main] INFO org.springframework.boot.test.context.SpringBootTestContextBootstrapper - Loaded default TestExecutionListener class names from location [META-INF/spring.factories]: [org.springframework.boot.test.mock.mockito.MockitoTestExecutionListener, org.springframework.boot.test.mock.mockito.ResetMocksTestExecutionListener, org.springframework.boot.test.autoconfigure.restdocs.RestDocsTestExecutionListener, org.springframework.boot.test.autoconfigure.web.client.MockRestServiceServerResetTestExecutionListener, org.springframework.boot.test.autoconfigure.web.servlet.MockMvcPrintOnlyOnFailureTestExecutionListener, org.springframework.boot.test.autoconfigure.web.servlet.WebDriverTestExecutionListener, org.springframework.test.context.web.ServletTestExecutionListener, org.springframework.test.context.support.DirtiesContextBeforeModesTestExecutionListener, org.springframework.test.context.support.DependencyInjectionTestExecutionListener, org.springframework.test.context.support.DirtiesContextTestExecutionListener, org.springframework.test.context.transaction.TransactionalTestExecutionListener, org.springframework.test.context.jdbc.SqlScriptsTestExecutionListener, org.springframework.security.test.context.support.WithSecurityContextTestExecutionListener]
20:17:03.403 [main] INFO org.springframework.boot.test.context.SpringBootTestContextBootstrapper - Using TestExecutionListeners: [org.springframework.test.context.web.ServletTestExecutionListener@436a4e4b, org.springframework.test.context.support.DirtiesContextBeforeModesTestExecutionListener@f2f2cc1, org.springframework.boot.test.autoconfigure.SpringBootDependencyInjectionTestExecutionListener@3a079870, org.springframework.test.context.support.DirtiesContextTestExecutionListener@3b2cf7ab, org.springframework.test.context.transaction.TransactionalTestExecutionListener@2aa5fe93, org.springframework.test.context.jdbc.SqlScriptsTestExecutionListener@5c1a8622, org.springframework.security.test.context.support.WithSecurityContextTestExecutionListener@5ad851c9, org.springframework.boot.test.mock.mockito.MockitoTestExecutionListener@6156496, org.springframework.boot.test.autoconfigure.web.servlet.WebDriverTestExecutionListener@3c153a1, org.springframework.boot.test.autoconfigure.restdocs.RestDocsTestExecutionListener@b62fe6d, org.springframework.boot.test.mock.mockito.ResetMocksTestExecutionListener@13acb0d1, org.springframework.boot.test.autoconfigure.web.servlet.MockMvcPrintOnlyOnFailureTestExecutionListener@3e3047e6, org.springframework.boot.test.autoconfigure.web.client.MockRestServiceServerResetTestExecutionListener@37e547da]
20:17:03.405 [main] DEBUG org.springframework.test.annotation.ProfileValueUtils - Retrieved @ProfileValueSourceConfiguration [null] for test class [sec.project.SampleTest]
20:17:03.405 [main] DEBUG org.springframework.test.annotation.ProfileValueUtils - Retrieved ProfileValueSource type [class org.springframework.test.annotation.SystemProfileValueSource] for class [sec.project.SampleTest]
20:17:03.407 [main] DEBUG org.springframework.test.context.junit4.SpringJUnit4ClassRunner - SpringJUnit4ClassRunner constructor called with [class sec.project.SampleTest]
20:17:03.407 [main] DEBUG org.springframework.test.context.BootstrapUtils - Instantiating CacheAwareContextLoaderDelegate from class [org.springframework.test.context.cache.DefaultCacheAwareContextLoaderDelegate]
20:17:03.407 [main] DEBUG org.springframework.test.context.BootstrapUtils - Instantiating BootstrapContext using constructor [public org.springframework.test.context.support.DefaultBootstrapContext(java.lang.Class,org.springframework.test.context.CacheAwareContextLoaderDelegate)]
20:17:03.407 [main] DEBUG org.springframework.test.context.BootstrapUtils - Instantiating TestContextBootstrapper for test class [sec.project.SampleTest] from class [org.springframework.boot.test.context.SpringBootTestContextBootstrapper]
20:17:03.408 [main] INFO org.springframework.boot.test.context.SpringBootTestContextBootstrapper - Neither @ContextConfiguration nor @ContextHierarchy found for test class [sec.project.SampleTest], using SpringBootContextLoader
20:17:03.408 [main] DEBUG org.springframework.test.context.support.AbstractContextLoader - Did not detect default resource location for test class [sec.project.SampleTest]: class path resource [sec/project/SampleTest-context.xml] does not exist
20:17:03.408 [main] DEBUG org.springframework.test.context.support.AbstractContextLoader - Did not detect default resource location for test class [sec.project.SampleTest]: class path resource [sec/project/SampleTestContext.groovy] does not exist
20:17:03.409 [main] INFO org.springframework.test.context.support.AbstractContextLoader - Could not detect default resource locations for test class [sec.project.SampleTest]: no resource found for suffixes {-context.xml, Context.groovy}.
20:17:03.409 [main] INFO org.springframework.test.context.support.AnnotationConfigContextLoaderUtils - Could not detect default configuration classes for test class [sec.project.SampleTest]: SampleTest does not declare any static, non-private, non-final, nested classes annotated with @Configuration.
20:17:03.412 [main] DEBUG org.springframework.test.context.support.ActiveProfilesUtils - Could not find an 'annotation declaring class' for annotation type [org.springframework.test.context.ActiveProfiles] and class [sec.project.SampleTest]
20:17:03.413 [main] DEBUG org.springframework.core.env.StandardEnvironment - Adding [systemProperties] PropertySource with lowest search precedence
20:17:03.413 [main] DEBUG org.springframework.core.env.StandardEnvironment - Adding [systemEnvironment] PropertySource with lowest search precedence
20:17:03.413 [main] DEBUG org.springframework.core.env.StandardEnvironment - Initialized StandardEnvironment with PropertySources [systemProperties,systemEnvironment]
20:17:03.413 [main] INFO org.springframework.boot.test.context.SpringBootTestContextBootstrapper - Found @SpringBootConfiguration sec.project.CyberSecurityBaseProjectApplication for test class sec.project.SampleTest
20:17:03.414 [main] DEBUG org.springframework.boot.test.context.SpringBootTestContextBootstrapper - @TestExecutionListeners is not present for class [sec.project.SampleTest]: using defaults.
20:17:03.416 [main] INFO org.springframework.boot.test.context.SpringBootTestContextBootstrapper - Loaded default TestExecutionListener class names from location [META-INF/spring.factories]: [org.springframework.boot.test.mock.mockito.MockitoTestExecutionListener, org.springframework.boot.test.mock.mockito.ResetMocksTestExecutionListener, org.springframework.boot.test.autoconfigure.restdocs.RestDocsTestExecutionListener, org.springframework.boot.test.autoconfigure.web.client.MockRestServiceServerResetTestExecutionListener, org.springframework.boot.test.autoconfigure.web.servlet.MockMvcPrintOnlyOnFailureTestExecutionListener, org.springframework.boot.test.autoconfigure.web.servlet.WebDriverTestExecutionListener, org.springframework.test.context.web.ServletTestExecutionListener, org.springframework.test.context.support.DirtiesContextBeforeModesTestExecutionListener, org.springframework.test.context.support.DependencyInjectionTestExecutionListener, org.springframework.test.context.support.DirtiesContextTestExecutionListener, org.springframework.test.context.transaction.TransactionalTestExecutionListener, org.springframework.test.context.jdbc.SqlScriptsTestExecutionListener, org.springframework.security.test.context.support.WithSecurityContextTestExecutionListener]
20:17:03.418 [main] INFO org.springframework.boot.test.context.SpringBootTestContextBootstrapper - Using TestExecutionListeners: [org.springframework.test.context.web.ServletTestExecutionListener@7219ec67, org.springframework.test.context.support.DirtiesContextBeforeModesTestExecutionListener@45018215, org.springframework.boot.test.autoconfigure.SpringBootDependencyInjectionTestExecutionListener@65d6b83b, org.springframework.test.context.support.DirtiesContextTestExecutionListener@d706f19, org.springframework.test.context.transaction.TransactionalTestExecutionListener@30b7c004, org.springframework.test.context.jdbc.SqlScriptsTestExecutionListener@79efed2d, org.springframework.security.test.context.support.WithSecurityContextTestExecutionListener@2928854b, org.springframework.boot.test.mock.mockito.MockitoTestExecutionListener@27ae2fd0, org.springframework.boot.test.autoconfigure.web.servlet.WebDriverTestExecutionListener@29176cc1, org.springframework.boot.test.autoconfigure.restdocs.RestDocsTestExecutionListener@2f177a4b, org.springframework.boot.test.mock.mockito.ResetMocksTestExecutionListener@4278a03f, org.springframework.boot.test.autoconfigure.web.servlet.MockMvcPrintOnlyOnFailureTestExecutionListener@147ed70f, org.springframework.boot.test.autoconfigure.web.client.MockRestServiceServerResetTestExecutionListener@61dd025]
20:17:03.418 [main] DEBUG org.springframework.test.annotation.ProfileValueUtils - Retrieved @ProfileValueSourceConfiguration [null] for test class [sec.project.SampleTest]
20:17:03.418 [main] DEBUG org.springframework.test.annotation.ProfileValueUtils - Retrieved ProfileValueSource type [class org.springframework.test.annotation.SystemProfileValueSource] for class [sec.project.SampleTest]
20:17:03.419 [main] DEBUG org.springframework.test.annotation.ProfileValueUtils - Retrieved @ProfileValueSourceConfiguration [null] for test class [sec.project.SampleTest]
20:17:03.419 [main] DEBUG org.springframework.test.annotation.ProfileValueUtils - Retrieved ProfileValueSource type [class org.springframework.test.annotation.SystemProfileValueSource] for class [sec.project.SampleTest]
20:17:03.422 [main] DEBUG org.springframework.test.context.support.AbstractDirtiesContextTestExecutionListener - Before test class: context [DefaultTestContext@54c562f7 testClass = SampleTest, testInstance = [null], testMethod = [null], testException = [null], mergedContextConfiguration = [WebMergedContextConfiguration@318ba8c8 testClass = SampleTest, locations = '{}', classes = '{class sec.project.CyberSecurityBaseProjectApplication}', contextInitializerClasses = '[]', activeProfiles = '{}', propertySourceLocations = '{}', propertySourceProperties = '{org.springframework.boot.test.context.SpringBootTestContextBootstrapper=true}', contextCustomizers = set[org.springframework.boot.test.context.SpringBootTestContextCustomizer@3a883ce7, org.springframework.boot.test.context.filter.ExcludeFilterContextCustomizer@79be0360, org.springframework.boot.test.mock.mockito.MockitoContextCustomizer@0, org.springframework.boot.test.autoconfigure.properties.PropertyMappingContextCustomizer@0, org.springframework.boot.test.autoconfigure.web.servlet.WebDriverContextCustomizerFactory$Customizer@396f6598], resourceBasePath = 'src/main/webapp', contextLoader = 'org.springframework.boot.test.context.SpringBootContextLoader', parent = [null]]], class annotated with @DirtiesContext [false] with mode [null].
20:17:03.423 [main] DEBUG org.springframework.test.annotation.ProfileValueUtils - Retrieved @ProfileValueSourceConfiguration [null] for test class [sec.project.SampleTest]
20:17:03.423 [main] DEBUG org.springframework.test.annotation.ProfileValueUtils - Retrieved ProfileValueSource type [class org.springframework.test.annotation.SystemProfileValueSource] for class [sec.project.SampleTest]
20:17:03.442 [main] DEBUG org.springframework.core.env.StandardEnvironment - Adding [systemProperties] PropertySource with lowest search precedence
20:17:03.443 [main] DEBUG org.springframework.core.env.StandardEnvironment - Adding [systemEnvironment] PropertySource with lowest search precedence
20:17:03.443 [main] DEBUG org.springframework.core.env.StandardEnvironment - Initialized StandardEnvironment with PropertySources [systemProperties,systemEnvironment]
20:17:03.443 [main] DEBUG org.springframework.test.context.support.TestPropertySourceUtils - Adding inlined properties to environment: {spring.jmx.enabled=false, org.springframework.boot.test.context.SpringBootTestContextBootstrapper=true, server.port=-1}
20:17:03.444 [main] DEBUG org.springframework.core.env.StandardEnvironment - Adding [Inlined Test Properties] PropertySource with highest search precedence

  .   ____          _            __ _ _
 /\\ / ___'_ __ _ _(_)_ __  __ _ \ \ \ \
( ( )\___ | '_ | '_| | '_ \/ _` | \ \ \ \
 \\/  ___)| |_)| | | | | || (_| |  ) ) ) )
  '  |____| .__|_| |_|_| |_\__, | / / / /
 =========|_|==============|___/=/_/_/_/
 :: Spring Boot ::        (v1.4.2.RELEASE)

2018-12-29 20:17:03.685  INFO 29753 --- [           main] sec.project.SampleTest                   : Starting SampleTest on hjoo-MS-7972 with PID 29753 (started by hjoo in /home/hjoo/cyberSecurity2018/cybersecuritybase-project)
2018-12-29 20:17:03.686  INFO 29753 --- [           main] sec.project.SampleTest                   : No active profile set, falling back to default profiles: default
2018-12-29 20:17:03.855  INFO 29753 --- [           main] o.s.w.c.s.GenericWebApplicationContext   : Refreshing org.springframework.web.context.support.GenericWebApplicationContext@169bb4dd: startup date [Sat Dec 29 20:17:03 EET 2018]; root of context hierarchy
2018-12-29 20:17:04.732  INFO 29753 --- [           main] trationDelegate$BeanPostProcessorChecker : Bean 'org.springframework.transaction.annotation.ProxyTransactionManagementConfiguration' of type [class org.springframework.transaction.annotation.ProxyTransactionManagementConfiguration$$EnhancerBySpringCGLIB$$d21b84ed] is not eligible for getting processed by all BeanPostProcessors (for example: not eligible for auto-proxying)
2018-12-29 20:17:05.084  INFO 29753 --- [           main] j.LocalContainerEntityManagerFactoryBean : Building JPA container EntityManagerFactory for persistence unit 'default'
2018-12-29 20:17:05.096  INFO 29753 --- [           main] o.hibernate.jpa.internal.util.LogHelper  : HHH000204: Processing PersistenceUnitInfo [
	name: default
	...]
2018-12-29 20:17:05.144  INFO 29753 --- [           main] org.hibernate.Version                    : HHH000412: Hibernate Core {5.0.11.Final}
2018-12-29 20:17:05.145  INFO 29753 --- [           main] org.hibernate.cfg.Environment            : HHH000206: hibernate.properties not found
2018-12-29 20:17:05.146  INFO 29753 --- [           main] org.hibernate.cfg.Environment            : HHH000021: Bytecode provider name : javassist
2018-12-29 20:17:05.173  INFO 29753 --- [           main] o.hibernate.annotations.common.Version   : HCANN000001: Hibernate Commons Annotations {5.0.1.Final}
2018-12-29 20:17:05.247  INFO 29753 --- [           main] org.hibernate.dialect.Dialect            : HHH000400: Using dialect: org.hibernate.dialect.H2Dialect
2018-12-29 20:17:05.662  INFO 29753 --- [           main] org.hibernate.tool.hbm2ddl.SchemaExport  : HHH000227: Running hbm2ddl schema export
2018-12-29 20:17:05.668  INFO 29753 --- [           main] org.hibernate.tool.hbm2ddl.SchemaExport  : HHH000230: Schema export complete
2018-12-29 20:17:05.693  INFO 29753 --- [           main] j.LocalContainerEntityManagerFactoryBean : Initialized JPA EntityManagerFactory for persistence unit 'default'
2018-12-29 20:17:06.224  INFO 29753 --- [           main] o.s.s.web.DefaultSecurityFilterChain     : Creating filter chain: org.springframework.security.web.util.matcher.AnyRequestMatcher@1, [org.springframework.security.web.context.request.async.WebAsyncManagerIntegrationFilter@3b65084e, org.springframework.security.web.context.SecurityContextPersistenceFilter@b70fa38, org.springframework.security.web.header.HeaderWriterFilter@12aa519b, org.springframework.security.web.authentication.logout.LogoutFilter@66ab924, org.springframework.security.web.authentication.UsernamePasswordAuthenticationFilter@48b2dbc4, org.springframework.security.web.authentication.ui.DefaultLoginPageGeneratingFilter@504b8705, org.springframework.security.web.savedrequest.RequestCacheAwareFilter@7e31d53b, org.springframework.security.web.servletapi.SecurityContextHolderAwareRequestFilter@702096ef, org.springframework.security.web.authentication.AnonymousAuthenticationFilter@32d0d7eb, org.springframework.security.web.session.SessionManagementFilter@2aac8ad7, org.springframework.security.web.access.ExceptionTranslationFilter@3b30eec5, org.springframework.security.web.access.intercept.FilterSecurityInterceptor@1cc9bd9b]
2018-12-29 20:17:06.397  INFO 29753 --- [           main] s.w.s.m.m.a.RequestMappingHandlerAdapter : Looking for @ControllerAdvice: org.springframework.web.context.support.GenericWebApplicationContext@169bb4dd: startup date [Sat Dec 29 20:17:03 EET 2018]; root of context hierarchy
2018-12-29 20:17:06.440  INFO 29753 --- [           main] s.w.s.m.m.a.RequestMappingHandlerMapping : Mapped "{[/*]}" onto public java.lang.String sec.project.controller.SignupController.defaultMapping()
2018-12-29 20:17:06.441  INFO 29753 --- [           main] s.w.s.m.m.a.RequestMappingHandlerMapping : Mapped "{[/form],methods=[POST]}" onto public java.lang.String sec.project.controller.SignupController.submitForm(java.lang.String,java.lang.String,org.springframework.ui.Model) throws java.sql.SQLException
2018-12-29 20:17:06.441  INFO 29753 --- [           main] s.w.s.m.m.a.RequestMappingHandlerMapping : Mapped "{[/form],methods=[GET]}" onto public java.lang.String sec.project.controller.SignupController.loadForm()
2018-12-29 20:17:06.441  INFO 29753 --- [           main] s.w.s.m.m.a.RequestMappingHandlerMapping : Mapped "{[/signups],methods=[GET]}" onto public java.lang.String sec.project.controller.SignupController.loadSignups(org.springframework.ui.Model)
2018-12-29 20:17:06.442  INFO 29753 --- [           main] s.w.s.m.m.a.RequestMappingHandlerMapping : Mapped "{[/error],produces=[text/html]}" onto public org.springframework.web.servlet.ModelAndView org.springframework.boot.autoconfigure.web.BasicErrorController.errorHtml(javax.servlet.http.HttpServletRequest,javax.servlet.http.HttpServletResponse)
2018-12-29 20:17:06.443  INFO 29753 --- [           main] s.w.s.m.m.a.RequestMappingHandlerMapping : Mapped "{[/error]}" onto public org.springframework.http.ResponseEntity<java.util.Map<java.lang.String, java.lang.Object>> org.springframework.boot.autoconfigure.web.BasicErrorController.error(javax.servlet.http.HttpServletRequest)
2018-12-29 20:17:06.462  INFO 29753 --- [           main] o.s.w.s.handler.SimpleUrlHandlerMapping  : Mapped URL path [/webjars/**] onto handler of type [class org.springframework.web.servlet.resource.ResourceHttpRequestHandler]
2018-12-29 20:17:06.463  INFO 29753 --- [           main] o.s.w.s.handler.SimpleUrlHandlerMapping  : Mapped URL path [/**] onto handler of type [class org.springframework.web.servlet.resource.ResourceHttpRequestHandler]
2018-12-29 20:17:06.487  INFO 29753 --- [           main] o.s.w.s.handler.SimpleUrlHandlerMapping  : Mapped URL path [/**/favicon.ico] onto handler of type [class org.springframework.web.servlet.resource.ResourceHttpRequestHandler]
2018-12-29 20:17:06.826  INFO 29753 --- [           main] sec.project.SampleTest                   : Started SampleTest in 3.376 seconds (JVM running for 3.828)
2018-12-29 20:17:06.847  INFO 29753 --- [           main] o.s.b.t.m.w.SpringBootMockServletContext : Initializing Spring FrameworkServlet ''
2018-12-29 20:17:06.847  INFO 29753 --- [           main] o.s.t.web.servlet.TestDispatcherServlet  : FrameworkServlet '': initialization started
2018-12-29 20:17:06.855  INFO 29753 --- [           main] o.s.t.web.servlet.TestDispatcherServlet  : FrameworkServlet '': initialization completed in 8 ms
]]></system-out>
  </testcase>
</testsuite>